SF:lib/screens/create_event_screen.dart
DA:6,1
DA:8,1
DA:9,1
DA:29,0
DA:30,0
DA:32,0
DA:33,0
DA:34,0
DA:37,0
DA:39,0
DA:41,0
DA:48,0
DA:50,0
DA:53,0
DA:54,0
DA:55,0
DA:56,0
DA:57,0
DA:58,0
DA:60,0
DA:67,0
DA:69,0
DA:70,0
DA:71,0
DA:72,0
DA:73,0
DA:74,0
DA:75,0
DA:76,0
DA:77,0
DA:78,0
DA:79,0
DA:83,0
DA:88,0
DA:89,0
DA:90,0
DA:94,0
DA:95,0
DA:96,0
DA:97,0
DA:101,0
DA:103,0
DA:104,0
DA:105,0
DA:107,0
DA:108,0
DA:113,1
DA:115,1
DA:116,1
DA:117,1
DA:119,0
DA:120,0
DA:124,1
DA:125,1
DA:126,1
DA:134,1
DA:136,1
DA:137,1
DA:138,1
DA:139,1
DA:140,1
DA:141,1
DA:143,0
DA:145,1
DA:146,1
DA:148,0
DA:150,1
DA:151,1
DA:153,0
DA:155,1
DA:156,1
DA:158,0
DA:160,1
DA:161,2
DA:163,0
DA:164,0
DA:166,1
DA:167,2
DA:169,0
DA:170,0
DA:172,1
DA:174,1
DA:175,0
DA:176,0
DA:177,0
DA:181,1
DA:182,0
DA:183,0
DA:186,0
DA:187,0
DA:189,1
DA:190,1
DA:193,0
DA:194,0
DA:196,1
DA:197,1
DA:198,1
DA:199,3
DA:201,1
DA:203,1
DA:204,0
DA:205,0
DA:206,0
LF:103
LH:38
end_of_record
SF:lib/screens/welcome.dart
DA:6,2
DA:8,2
DA:9,2
DA:14,2
DA:16,2
DA:17,2
DA:19,3
DA:20,1
DA:21,1
DA:22,2
DA:27,2
DA:29,6
DA:30,6
DA:31,2
DA:32,2
DA:34,2
DA:40,2
DA:41,2
DA:42,2
DA:47,2
DA:52,2
DA:57,2
DA:62,2
DA:67,2
DA:72,2
DA:74,4
DA:76,2
DA:78,2
DA:79,2
DA:80,2
DA:86,2
DA:88,2
DA:91,2
DA:96,2
DA:99,2
LF:35
LH:35
end_of_record
SF:lib/screens/onboarding/onboarding1.dart
DA:7,7
DA:9,2
DA:10,2
DA:15,2
DA:17,2
DA:18,2
DA:20,2
DA:28,2
DA:30,6
DA:31,6
DA:32,2
DA:33,2
DA:34,2
DA:35,4
DA:41,2
DA:42,2
DA:43,2
DA:44,2
DA:46,2
DA:50,4
DA:51,2
DA:53,2
DA:54,2
DA:59,4
DA:60,2
DA:62,2
DA:63,2
DA:68,4
DA:73,2
DA:74,2
DA:75,4
DA:76,2
DA:77,4
DA:78,2
DA:80,2
DA:81,2
DA:85,2
DA:86,1
DA:87,1
DA:89,1
DA:90,1
DA:93,2
LF:42
LH:42
end_of_record
SF:lib/screens/onboarding/onboarding2.dart
DA:7,7
DA:9,2
DA:10,2
DA:15,2
DA:17,2
DA:18,2
DA:20,2
DA:28,2
DA:30,6
DA:31,6
DA:32,2
DA:33,2
DA:34,2
DA:35,4
DA:41,2
DA:42,2
DA:43,2
DA:44,2
DA:46,2
DA:47,2
DA:51,4
DA:52,2
DA:54,2
DA:55,2
DA:60,4
DA:61,2
DA:63,2
DA:64,2
DA:69,4
DA:74,2
DA:75,2
DA:76,4
DA:77,2
DA:78,4
DA:79,2
DA:81,2
DA:82,2
DA:86,2
DA:87,1
DA:88,1
DA:90,1
DA:91,1
DA:94,2
LF:43
LH:43
end_of_record
SF:lib/screens/onboarding/onboarding3.dart
DA:6,7
DA:8,2
DA:9,2
DA:14,2
DA:16,2
DA:17,2
DA:19,2
DA:27,2
DA:29,6
DA:30,6
DA:31,2
DA:32,2
DA:33,2
DA:34,4
DA:40,2
DA:41,2
DA:42,2
DA:43,2
DA:45,2
DA:46,2
DA:50,4
DA:51,2
DA:53,2
DA:54,2
DA:59,4
DA:60,2
DA:62,2
DA:63,2
DA:68,4
DA:69,2
DA:70,2
DA:71,2
DA:72,2
DA:73,2
DA:74,2
DA:75,2
DA:76,2
DA:77,2
DA:80,0
DA:81,0
DA:83,0
DA:86,2
DA:88,2
DA:89,2
LF:44
LH:41
end_of_record
SF:lib/screens/home.dart
DA:12,8
DA:14,1
DA:15,1
DA:22,1
DA:24,1
DA:25,2
DA:28,1
DA:29,1
DA:42,1
DA:43,1
DA:44,1
DA:48,1
DA:49,1
DA:50,1
DA:56,1
DA:62,1
DA:68,1
DA:74,1
DA:83,1
DA:84,1
DA:85,1
DA:86,1
DA:87,2
DA:90,0
DA:94,1
DA:96,1
DA:97,1
DA:99,1
DA:101,1
DA:103,1
DA:104,1
DA:105,1
DA:106,1
DA:109,1
DA:111,1
DA:136,1
DA:138,1
DA:139,1
DA:140,1
DA:141,1
LF:40
LH:39
end_of_record
SF:lib/screens/Eventcreater.dart
DA:6,7
DA:8,1
DA:9,1
DA:29,0
DA:30,0
DA:32,0
DA:33,0
DA:34,0
DA:37,0
DA:39,0
DA:41,0
DA:48,0
DA:50,0
DA:53,0
DA:54,0
DA:55,0
DA:56,0
DA:57,0
DA:58,0
DA:60,0
DA:67,0
DA:69,0
DA:70,0
DA:71,0
DA:72,0
DA:73,0
DA:74,0
DA:75,0
DA:76,0
DA:77,0
DA:78,0
DA:79,0
DA:83,0
DA:88,0
DA:89,0
DA:90,0
DA:94,0
DA:95,0
DA:96,0
DA:97,0
DA:101,0
DA:103,0
DA:104,0
DA:105,0
DA:107,0
DA:108,0
DA:113,1
DA:115,1
DA:116,1
DA:117,1
DA:119,0
DA:120,0
DA:124,1
DA:125,1
DA:126,1
DA:134,1
DA:136,1
DA:137,1
DA:138,1
DA:139,1
DA:140,1
DA:141,1
DA:143,0
DA:145,1
DA:146,1
DA:148,0
DA:150,1
DA:151,1
DA:153,0
DA:155,1
DA:156,1
DA:158,0
DA:160,1
DA:161,2
DA:163,0
DA:164,0
DA:166,1
DA:167,2
DA:169,0
DA:170,0
DA:172,1
DA:174,1
DA:175,0
DA:176,0
DA:177,0
DA:181,1
DA:182,0
DA:183,0
DA:186,0
DA:187,0
DA:189,1
DA:190,1
DA:193,0
DA:194,0
DA:196,1
DA:197,1
DA:198,1
DA:199,3
DA:201,1
DA:203,1
DA:204,0
DA:205,0
DA:206,0
LF:103
LH:38
end_of_record
SF:lib/widget/big_event_card.dart
DA:4,7
DA:6,1
DA:8,1
DA:10,1
DA:11,1
DA:13,1
DA:14,1
DA:15,1
DA:16,1
DA:23,1
DA:25,1
DA:26,1
DA:27,1
DA:28,1
DA:33,1
DA:40,1
DA:43,1
DA:46,1
DA:48,1
DA:60,1
DA:63,1
DA:77,1
DA:79,1
DA:81,1
DA:91,1
DA:93,1
DA:95,1
DA:99,1
DA:100,1
DA:102,1
DA:103,1
DA:129,1
DA:131,1
DA:132,1
DA:146,1
DA:149,1
DA:150,1
DA:151,1
DA:153,1
DA:155,1
DA:157,1
LF:41
LH:41
end_of_record
SF:lib/widget/categories_row.dart
DA:4,7
DA:6,1
DA:8,1
DA:10,1
DA:12,1
DA:13,1
DA:14,1
DA:15,1
DA:21,1
DA:22,1
DA:24,1
DA:26,1
DA:27,1
DA:28,1
DA:29,1
DA:36,1
DA:37,1
DA:38,1
DA:47,1
LF:19
LH:19
end_of_record
SF:lib/widget/heart_card.dart
DA:4,7
DA:6,1
DA:8,1
DA:10,1
DA:11,1
DA:13,1
DA:14,1
DA:15,1
DA:16,1
DA:23,1
DA:25,1
DA:26,1
DA:28,1
DA:29,1
DA:30,1
LF:15
LH:15
end_of_record
SF:lib/widget/join_card.dart
DA:4,7
DA:6,1
DA:8,1
DA:10,1
DA:11,1
DA:13,1
DA:14,1
DA:15,1
DA:16,1
DA:23,1
DA:25,1
DA:26,1
DA:28,1
DA:29,1
DA:30,1
DA:71,1
DA:74,1
DA:76,1
LF:18
LH:18
end_of_record
SF:lib/widget/price_card.dart
DA:4,7
DA:6,1
DA:8,1
DA:10,1
DA:11,1
DA:13,1
DA:14,1
DA:15,1
DA:16,1
DA:23,1
DA:25,1
DA:26,1
DA:28,1
DA:29,1
DA:30,1
DA:71,1
DA:72,1
DA:73,1
DA:74,1
DA:75,1
DA:77,1
DA:79,1
DA:81,1
LF:23
LH:23
end_of_record
SF:lib/screens/authentication/forgot_password.dart
DA:7,2
DA:9,1
DA:10,1
DA:16,1
DA:18,1
DA:19,1
DA:21,4
DA:22,1
DA:25,3
DA:26,2
DA:28,0
DA:29,0
DA:34,0
DA:35,0
DA:36,0
DA:37,0
DA:38,0
DA:41,0
DA:42,0
DA:44,0
DA:48,3
DA:49,3
DA:54,1
DA:56,1
DA:57,1
DA:60,1
DA:62,0
DA:63,0
DA:67,1
DA:69,1
DA:70,1
DA:83,1
DA:85,1
DA:87,1
DA:89,1
DA:94,1
DA:95,1
DA:96,1
DA:99,1
DA:100,1
DA:103,0
DA:104,0
DA:107,0
DA:114,1
DA:115,1
DA:116,1
DA:119,1
DA:120,1
LF:48
LH:33
end_of_record
SF:lib/screens/authentication/verify_account.dart
DA:9,0
DA:11,0
DA:12,0
DA:22,0
DA:23,0
DA:24,0
DA:25,0
DA:26,0
DA:29,0
DA:30,0
DA:31,0
DA:34,0
DA:35,0
DA:39,0
DA:40,0
DA:42,0
DA:43,0
DA:44,0
DA:45,0
DA:47,0
DA:48,0
DA:52,0
DA:53,0
DA:57,0
DA:58,0
DA:65,0
DA:66,0
DA:67,0
DA:70,0
DA:72,0
DA:73,0
DA:74,0
DA:75,0
DA:77,0
DA:78,0
DA:79,0
DA:81,0
DA:82,0
DA:83,0
DA:84,0
DA:85,0
DA:87,0
DA:88,0
DA:89,0
DA:90,0
DA:91,0
DA:95,0
DA:96,0
DA:97,0
DA:98,0
DA:101,0
DA:104,0
DA:105,0
DA:108,0
DA:117,0
DA:118,0
DA:120,0
DA:126,0
DA:128,0
DA:129,0
DA:132,0
DA:133,0
DA:134,0
DA:137,0
DA:138,0
LF:65
LH:0
end_of_record
SF:lib/screens/authentication/set_password.dart
DA:10,0
DA:12,0
DA:14,0
DA:15,0
DA:16,0
DA:18,0
DA:20,0
DA:21,0
DA:22,0
DA:23,0
DA:24,0
DA:27,0
DA:28,0
DA:29,0
DA:32,0
DA:33,0
DA:34,0
DA:36,0
DA:37,0
DA:39,0
DA:40,0
DA:44,0
DA:52,0
DA:54,0
DA:55,0
DA:56,0
DA:57,0
DA:58,0
DA:64,0
DA:65,0
DA:66,0
DA:68,0
DA:71,0
DA:72,0
DA:73,0
DA:78,0
DA:79,0
LF:37
LH:0
end_of_record
SF:lib/screens/authentication/login_page.dart
DA:11,2
DA:13,1
DA:14,1
DA:28,1
DA:30,1
DA:31,1
DA:34,1
DA:35,1
DA:38,0
DA:39,0
DA:40,0
DA:41,0
DA:44,0
DA:45,0
DA:46,0
DA:47,0
DA:50,0
DA:52,0
DA:53,0
DA:56,0
DA:58,0
DA:63,0
DA:64,0
DA:65,0
DA:68,0
DA:69,0
DA:74,0
DA:77,0
DA:84,0
DA:86,0
DA:90,0
DA:91,0
DA:92,0
DA:93,0
DA:96,0
DA:98,0
DA:99,0
DA:102,0
DA:104,0
DA:109,0
DA:110,0
DA:111,0
DA:114,0
DA:115,0
DA:120,0
DA:121,0
DA:122,0
DA:127,1
DA:129,1
DA:131,1
DA:133,1
DA:134,1
DA:135,1
DA:136,1
DA:137,1
DA:139,1
DA:140,1
DA:157,1
DA:158,1
DA:164,1
DA:165,1
DA:167,1
DA:168,1
DA:184,1
DA:185,1
DA:186,1
DA:187,1
DA:190,1
DA:191,1
DA:192,1
DA:196,0
DA:197,0
DA:198,0
DA:204,1
DA:205,1
DA:207,2
DA:216,1
DA:217,1
DA:218,3
DA:219,0
DA:222,1
DA:232,1
DA:233,0
DA:234,0
DA:236,0
DA:237,0
DA:251,1
DA:252,0
DA:253,0
DA:255,0
DA:264,1
DA:265,1
DA:266,0
DA:267,0
LF:94
LH:42
end_of_record
SF:lib/screens/authentication/signup_page.dart
DA:11,0
DA:12,0
DA:26,0
DA:28,0
DA:29,0
DA:30,0
DA:31,0
DA:32,0
DA:34,0
DA:35,0
DA:40,0
DA:41,0
DA:42,0
DA:43,0
DA:46,0
DA:47,0
DA:48,0
DA:49,0
DA:52,0
DA:53,0
DA:55,0
DA:59,0
DA:60,0
DA:61,0
DA:64,0
DA:70,0
DA:71,0
DA:72,0
DA:73,0
DA:78,0
DA:80,0
DA:82,0
DA:84,0
DA:85,0
DA:86,0
DA:87,0
DA:88,0
DA:90,0
DA:91,0
DA:98,0
DA:99,0
DA:100,0
DA:101,0
DA:103,0
DA:110,0
DA:111,0
DA:116,0
DA:117,0
DA:127,0
DA:128,0
DA:130,0
DA:137,0
DA:138,0
DA:143,0
DA:144,0
DA:165,0
DA:166,0
DA:172,0
DA:173,0
DA:175,0
DA:176,0
DA:192,0
DA:193,0
DA:194,0
DA:195,0
DA:198,0
DA:199,0
DA:200,0
DA:204,0
DA:205,0
DA:206,0
DA:212,0
DA:213,0
DA:215,0
DA:231,0
DA:232,0
DA:233,0
DA:234,0
DA:237,0
DA:238,0
DA:239,0
DA:243,0
DA:244,0
DA:245,0
DA:250,0
DA:251,0
DA:253,0
DA:260,0
DA:261,0
DA:262,0
DA:263,0
DA:266,0
DA:276,0
DA:277,0
DA:278,0
DA:280,0
DA:281,0
LF:97
LH:0
end_of_record
SF:lib/services/validity_checker.dart
DA:2,1
DA:3,1
DA:6,1
DA:7,1
DA:10,1
DA:11,2
DA:14,1
DA:15,1
DA:17,1
DA:20,1
DA:21,1
DA:22,1
DA:25,1
DA:27,1
DA:28,1
DA:29,1
DA:30,1
DA:31,1
DA:34,0
DA:35,0
DA:38,0
LF:21
LH:18
end_of_record
SF:lib/main.dart
DA:4,0
DA:5,0
DA:9,2
DA:12,1
DA:14,1
DA:17,1
LF:6
LH:4
end_of_record
